<?xml version="1.0" encoding="UTF-8"?>
<testng-results skipped="0" failed="0" total="4" passed="4">
  <reporter-output>
  </reporter-output>
  <suite name="Smoke" duration-ms="43" started-at="2019-10-18T21:15:43Z" finished-at="2019-10-18T21:15:43Z">
    <groups>
    </groups>
    <test name="Test" duration-ms="43" started-at="2019-10-18T21:15:43Z" finished-at="2019-10-18T21:15:43Z">
      <class name="qaclickacademy.RESTAPITest">
        <test-method status="PASS" signature="deleteTwitter()[pri:0, instance:qaclickacademy.RESTAPITest@4f7d0008]" name="deleteTwitter" duration-ms="2" started-at="2019-10-18T17:15:43Z" finished-at="2019-10-18T17:15:43Z">
          <reporter-output>
          </reporter-output>
        </test-method> <!-- deleteTwitter -->
        <test-method status="PASS" signature="posJira()[pri:0, instance:qaclickacademy.RESTAPITest@4f7d0008]" name="posJira" duration-ms="4" started-at="2019-10-18T17:15:43Z" finished-at="2019-10-18T17:15:43Z">
          <reporter-output>
          </reporter-output>
        </test-method> <!-- posJira -->
      </class> <!-- qaclickacademy.RESTAPITest -->
      <class name="qaclickacademy.SeleniumTest">
        <test-method status="PASS" signature="BrowserAUtomation()[pri:0, instance:qaclickacademy.SeleniumTest@14bf9759]" name="BrowserAUtomation" duration-ms="11" started-at="2019-10-18T17:15:43Z" finished-at="2019-10-18T17:15:43Z">
          <reporter-output>
          </reporter-output>
        </test-method> <!-- BrowserAUtomation -->
        <test-method status="PASS" signature="elementsUi()[pri:0, instance:qaclickacademy.SeleniumTest@14bf9759]" name="elementsUi" duration-ms="2" started-at="2019-10-18T17:15:43Z" finished-at="2019-10-18T17:15:43Z">
          <reporter-output>
          </reporter-output>
        </test-method> <!-- elementsUi -->
      </class> <!-- qaclickacademy.SeleniumTest -->
    </test> <!-- Test -->
  </suite> <!-- Smoke -->
</testng-results>
